<?xml version="1.0" encoding="UTF-8"?>
<!-- Generated by org.testng.reporters.JUnitReportReporter -->
<testsuite hostname="DESKTOP-83U9K5D" failures="0" tests="4" name="test.LoginTest" time="3.283" errors="0" timestamp="2023-02-06T22:02:18 IST" skipped="0">
  <testcase classname="test.LoginTest" name="verifyBuildTitlename" time="0.069"/>
  <system-out/>
  <testcase classname="test.LoginTest" name="verifyTitleofloginpage" time="1.097"/>
  <system-out/>
  <testcase classname="test.LoginTest" name="verifyCurrentUrlofPage" time="0.037"/>
  <system-out/>
  <testcase classname="test.LoginTest" name="verifyloginwithcorrectcredentials" time="2.080"/>
  <system-out/>
</testsuite> <!-- test.LoginTest -->
